{"synthetic": false,
 "outputs": null,
 "log":
 [{"message":
   ".> ELAN=elan ELAN_HOME=/Users/lixinze/.elan ELAN_TOOLCHAIN=leanprover/lean4:v4.24.0-rc1 LAKE=/Users/lixinze/.elan/toolchains/leanprover--lean4---v4.24.0-rc1/bin/lake LAKE_HOME=/Users/lixinze/.elan/toolchains/leanprover--lean4---v4.24.0-rc1 LAKE_PKG_URL_MAP={} LAKE_NO_CACHE=false LAKE_ARTIFACT_CACHE=false LAKE_CACHE_DIR=/Users/lixinze/.elan/toolchains/leanprover--lean4---v4.24.0-rc1/lake/cache LEAN=/Users/lixinze/.elan/toolchains/leanprover--lean4---v4.24.0-rc1/bin/lean LEAN_SYSROOT=/Users/lixinze/.elan/toolchains/leanprover--lean4---v4.24.0-rc1 LEAN_AR=/Users/lixinze/.elan/toolchains/leanprover--lean4---v4.24.0-rc1/bin/llvm-ar LEAN_CC= LEAN_PATH=/Users/lixinze/minimal_surfaces_new/.lake/packages/batteries/.lake/build/lib/lean:/Users/lixinze/minimal_surfaces_new/.lake/packages/Qq/.lake/build/lib/lean:/Users/lixinze/minimal_surfaces_new/.lake/packages/aesop/.lake/build/lib/lean:/Users/lixinze/minimal_surfaces_new/.lake/packages/proofwidgets/.lake/build/lib/lean:/Users/lixinze/minimal_surfaces_new/.lake/packages/importGraph/.lake/build/lib/lean:/Users/lixinze/minimal_surfaces_new/.lake/packages/LeanSearchClient/.lake/build/lib/lean:/Users/lixinze/minimal_surfaces_new/.lake/packages/plausible/.lake/build/lib/lean:/Users/lixinze/minimal_surfaces_new/.lake/packages/MD4Lean/.lake/build/lib/lean:/Users/lixinze/minimal_surfaces_new/.lake/packages/BibtexQuery/.lake/build/lib/lean:/Users/lixinze/minimal_surfaces_new/.lake/packages/UnicodeBasic/.lake/build/lib/lean:/Users/lixinze/minimal_surfaces_new/.lake/packages/Cli/.lake/build/lib/lean:/Users/lixinze/minimal_surfaces_new/.lake/packages/mathlib/.lake/build/lib/lean:/Users/lixinze/minimal_surfaces_new/.lake/packages/checkdecls/.lake/build/lib/lean:/Users/lixinze/minimal_surfaces_new/.lake/packages/doc-gen4/.lake/build/lib/lean:/Users/lixinze/minimal_surfaces_new/.lake/build/lib/lean:/Users/lixinze/.elan/toolchains/leanprover--lean4---v4.24.0-rc1/lib/lean LEAN_SRC_PATH=/Users/lixinze/minimal_surfaces_new/.lake/packages/batteries:/Users/lixinze/minimal_surfaces_new/.lake/packages/batteries:/Users/lixinze/minimal_surfaces_new/.lake/packages/Qq:/Users/lixinze/minimal_surfaces_new/.lake/packages/aesop:/Users/lixinze/minimal_surfaces_new/.lake/packages/aesop:/Users/lixinze/minimal_surfaces_new/.lake/packages/proofwidgets:/Users/lixinze/minimal_surfaces_new/.lake/packages/proofwidgets:/Users/lixinze/minimal_surfaces_new/.lake/packages/importGraph:/Users/lixinze/minimal_surfaces_new/.lake/packages/importGraph:/Users/lixinze/minimal_surfaces_new/.lake/packages/LeanSearchClient:/Users/lixinze/minimal_surfaces_new/.lake/packages/LeanSearchClient:/Users/lixinze/minimal_surfaces_new/.lake/packages/plausible:/Users/lixinze/minimal_surfaces_new/.lake/packages/plausible:/Users/lixinze/minimal_surfaces_new/.lake/packages/MD4Lean:/Users/lixinze/minimal_surfaces_new/.lake/packages/MD4Lean:/Users/lixinze/minimal_surfaces_new/.lake/packages/BibtexQuery:/Users/lixinze/minimal_surfaces_new/.lake/packages/UnicodeBasic:/Users/lixinze/minimal_surfaces_new/.lake/packages/UnicodeBasic:/Users/lixinze/minimal_surfaces_new/.lake/packages/Cli:/Users/lixinze/minimal_surfaces_new/.lake/packages/Cli:/Users/lixinze/minimal_surfaces_new/.lake/packages/mathlib:/Users/lixinze/minimal_surfaces_new/.lake/packages/mathlib:/Users/lixinze/minimal_surfaces_new/.lake/packages/mathlib:/Users/lixinze/minimal_surfaces_new/.lake/packages/mathlib:/Users/lixinze/minimal_surfaces_new/.lake/packages/mathlib:/Users/lixinze/minimal_surfaces_new/.lake/packages/mathlib:/Users/lixinze/minimal_surfaces_new/.lake/packages/mathlib:/Users/lixinze/minimal_surfaces_new/.lake/packages/doc-gen4:/Users/lixinze/minimal_surfaces_new:/Users/lixinze/.elan/toolchains/leanprover--lean4---v4.24.0-rc1/src/lean/lake LEAN_GITHASH=919e297292280cdb27598edd4e03437be5850221 PATH DYLD_LIBRARY_PATH=/Users/lixinze/.elan/toolchains/leanprover--lean4---v4.24.0-rc1/lib/lean:/Users/lixinze/.elan/toolchains/leanprover--lean4---v4.24.0-rc1/lib:/Users/lixinze/minimal_surfaces_new/.lake/build/lib:/Users/lixinze/minimal_surfaces_new/.lake/packages/doc-gen4/.lake/build/lib:/Users/lixinze/minimal_surfaces_new/.lake/packages/checkdecls/.lake/build/lib:/Users/lixinze/minimal_surfaces_new/.lake/packages/mathlib/.lake/build/lib:/Users/lixinze/minimal_surfaces_new/.lake/packages/Cli/.lake/build/lib:/Users/lixinze/minimal_surfaces_new/.lake/packages/UnicodeBasic/.lake/build/lib:/Users/lixinze/minimal_surfaces_new/.lake/packages/BibtexQuery/.lake/build/lib:/Users/lixinze/minimal_surfaces_new/.lake/packages/MD4Lean/.lake/build/lib:/Users/lixinze/minimal_surfaces_new/.lake/packages/plausible/.lake/build/lib:/Users/lixinze/minimal_surfaces_new/.lake/packages/LeanSearchClient/.lake/build/lib:/Users/lixinze/minimal_surfaces_new/.lake/packages/importGraph/.lake/build/lib:/Users/lixinze/minimal_surfaces_new/.lake/packages/proofwidgets/.lake/build/lib:/Users/lixinze/minimal_surfaces_new/.lake/packages/aesop/.lake/build/lib:/Users/lixinze/minimal_surfaces_new/.lake/packages/Qq/.lake/build/lib:/Users/lixinze/minimal_surfaces_new/.lake/packages/batteries/.lake/build/lib /Users/lixinze/minimal_surfaces_new/.lake/packages/doc-gen4/.lake/build/bin/doc-gen4 single --build /Users/lixinze/minimal_surfaces_new/.lake/build Aesop.Script.Step https://github.com/leanprover-community/aesop/blob/9e8de5716b162ec8983a89711a186d13ff871c22/Aesop/Script/Step.lean",
   "level": "trace"}],
 "inputs":
 [["<collection>",
   [["/Users/lixinze/minimal_surfaces_new/.lake/build/doc/Aesop/Util/EqualUpToIds.html",
     "3595658615127776850"],
    ["/Users/lixinze/minimal_surfaces_new/.lake/build/doc/Aesop/Script/Tactic.html",
     "1409433537713966713"],
    ["/Users/lixinze/minimal_surfaces_new/.lake/build/doc/Aesop/Script/TacticState.html",
     "11349913408098633679"],
    ["/Users/lixinze/minimal_surfaces_new/.lake/build/doc/Aesop/Script/Util.html",
     "134093750711464642"],
    ["/Users/lixinze/minimal_surfaces_new/.lake/build/doc/Aesop/Tracing.html",
     "5420223391139396511"],
    ["/Users/lixinze/minimal_surfaces_new/.lake/build/doc/Batteries/Tactic/PermuteGoals.html",
     "12333120359909665807"]]],
  ["/Users/lixinze/minimal_surfaces_new/.lake/build/doc-data/references.json",
   "11893762902049086281"],
  ["/Users/lixinze/minimal_surfaces_new/.lake/packages/doc-gen4/.lake/build/bin/doc-gen4",
   "7305278769530580005"],
  ["Aesop.Script.Step:leanArts", "5780811369499380833"]],
 "depHash": "12144334687856391917"}