{"synthetic": false,
 "outputs": null,
 "log":
 [{"message":
   ".> ELAN=elan ELAN_HOME=/Users/lixinze/.elan ELAN_TOOLCHAIN=leanprover/lean4:v4.24.0-rc1 LAKE=/Users/lixinze/.elan/toolchains/leanprover--lean4---v4.24.0-rc1/bin/lake LAKE_HOME=/Users/lixinze/.elan/toolchains/leanprover--lean4---v4.24.0-rc1 LAKE_PKG_URL_MAP={} LAKE_NO_CACHE=false LAKE_ARTIFACT_CACHE=false LAKE_CACHE_DIR=/Users/lixinze/.elan/toolchains/leanprover--lean4---v4.24.0-rc1/lake/cache LEAN=/Users/lixinze/.elan/toolchains/leanprover--lean4---v4.24.0-rc1/bin/lean LEAN_SYSROOT=/Users/lixinze/.elan/toolchains/leanprover--lean4---v4.24.0-rc1 LEAN_AR=/Users/lixinze/.elan/toolchains/leanprover--lean4---v4.24.0-rc1/bin/llvm-ar LEAN_CC= LEAN_PATH=/Users/lixinze/minimal_surfaces_new/.lake/packages/batteries/.lake/build/lib/lean:/Users/lixinze/minimal_surfaces_new/.lake/packages/Qq/.lake/build/lib/lean:/Users/lixinze/minimal_surfaces_new/.lake/packages/aesop/.lake/build/lib/lean:/Users/lixinze/minimal_surfaces_new/.lake/packages/proofwidgets/.lake/build/lib/lean:/Users/lixinze/minimal_surfaces_new/.lake/packages/importGraph/.lake/build/lib/lean:/Users/lixinze/minimal_surfaces_new/.lake/packages/LeanSearchClient/.lake/build/lib/lean:/Users/lixinze/minimal_surfaces_new/.lake/packages/plausible/.lake/build/lib/lean:/Users/lixinze/minimal_surfaces_new/.lake/packages/mathlib/.lake/build/lib/lean:/Users/lixinze/minimal_surfaces_new/.lake/packages/checkdecls/.lake/build/lib/lean:/Users/lixinze/minimal_surfaces_new/.lake/packages/MD4Lean/.lake/build/lib/lean:/Users/lixinze/minimal_surfaces_new/.lake/packages/BibtexQuery/.lake/build/lib/lean:/Users/lixinze/minimal_surfaces_new/.lake/packages/UnicodeBasic/.lake/build/lib/lean:/Users/lixinze/minimal_surfaces_new/.lake/packages/Cli/.lake/build/lib/lean:/Users/lixinze/minimal_surfaces_new/.lake/build/lib/lean:/Users/lixinze/minimal_surfaces_new/.lake/packages/doc-gen4/.lake/build/lib/lean:/Users/lixinze/minimal_surfaces_new/docbuild/.lake/build/lib/lean:/Users/lixinze/.elan/toolchains/leanprover--lean4---v4.24.0-rc1/lib/lean LEAN_SRC_PATH=/Users/lixinze/minimal_surfaces_new/.lake/packages/batteries:/Users/lixinze/minimal_surfaces_new/.lake/packages/batteries:/Users/lixinze/minimal_surfaces_new/.lake/packages/Qq:/Users/lixinze/minimal_surfaces_new/.lake/packages/aesop:/Users/lixinze/minimal_surfaces_new/.lake/packages/aesop:/Users/lixinze/minimal_surfaces_new/.lake/packages/proofwidgets:/Users/lixinze/minimal_surfaces_new/.lake/packages/proofwidgets:/Users/lixinze/minimal_surfaces_new/.lake/packages/importGraph:/Users/lixinze/minimal_surfaces_new/.lake/packages/importGraph:/Users/lixinze/minimal_surfaces_new/.lake/packages/LeanSearchClient:/Users/lixinze/minimal_surfaces_new/.lake/packages/LeanSearchClient:/Users/lixinze/minimal_surfaces_new/.lake/packages/plausible:/Users/lixinze/minimal_surfaces_new/.lake/packages/plausible:/Users/lixinze/minimal_surfaces_new/.lake/packages/mathlib:/Users/lixinze/minimal_surfaces_new/.lake/packages/mathlib:/Users/lixinze/minimal_surfaces_new/.lake/packages/mathlib:/Users/lixinze/minimal_surfaces_new/.lake/packages/mathlib:/Users/lixinze/minimal_surfaces_new/.lake/packages/mathlib:/Users/lixinze/minimal_surfaces_new/.lake/packages/mathlib:/Users/lixinze/minimal_surfaces_new/.lake/packages/mathlib:/Users/lixinze/minimal_surfaces_new/.lake/packages/MD4Lean:/Users/lixinze/minimal_surfaces_new/.lake/packages/MD4Lean:/Users/lixinze/minimal_surfaces_new/.lake/packages/BibtexQuery:/Users/lixinze/minimal_surfaces_new/.lake/packages/UnicodeBasic:/Users/lixinze/minimal_surfaces_new/.lake/packages/UnicodeBasic:/Users/lixinze/minimal_surfaces_new/.lake/packages/Cli:/Users/lixinze/minimal_surfaces_new/.lake/packages/Cli:/Users/lixinze/minimal_surfaces_new:/Users/lixinze/minimal_surfaces_new/.lake/packages/doc-gen4:/Users/lixinze/.elan/toolchains/leanprover--lean4---v4.24.0-rc1/src/lean/lake LEAN_GITHASH=919e297292280cdb27598edd4e03437be5850221 PATH DYLD_LIBRARY_PATH=/Users/lixinze/.elan/toolchains/leanprover--lean4---v4.24.0-rc1/lib/lean:/Users/lixinze/.elan/toolchains/leanprover--lean4---v4.24.0-rc1/lib:/Users/lixinze/minimal_surfaces_new/docbuild/.lake/build/lib:/Users/lixinze/minimal_surfaces_new/.lake/packages/doc-gen4/.lake/build/lib:/Users/lixinze/minimal_surfaces_new/.lake/build/lib:/Users/lixinze/minimal_surfaces_new/.lake/packages/Cli/.lake/build/lib:/Users/lixinze/minimal_surfaces_new/.lake/packages/UnicodeBasic/.lake/build/lib:/Users/lixinze/minimal_surfaces_new/.lake/packages/BibtexQuery/.lake/build/lib:/Users/lixinze/minimal_surfaces_new/.lake/packages/MD4Lean/.lake/build/lib:/Users/lixinze/minimal_surfaces_new/.lake/packages/checkdecls/.lake/build/lib:/Users/lixinze/minimal_surfaces_new/.lake/packages/mathlib/.lake/build/lib:/Users/lixinze/minimal_surfaces_new/.lake/packages/plausible/.lake/build/lib:/Users/lixinze/minimal_surfaces_new/.lake/packages/LeanSearchClient/.lake/build/lib:/Users/lixinze/minimal_surfaces_new/.lake/packages/importGraph/.lake/build/lib:/Users/lixinze/minimal_surfaces_new/.lake/packages/proofwidgets/.lake/build/lib:/Users/lixinze/minimal_surfaces_new/.lake/packages/aesop/.lake/build/lib:/Users/lixinze/minimal_surfaces_new/.lake/packages/Qq/.lake/build/lib:/Users/lixinze/minimal_surfaces_new/.lake/packages/batteries/.lake/build/lib /Users/lixinze/minimal_surfaces_new/.lake/packages/doc-gen4/.lake/build/bin/doc-gen4 single --build /Users/lixinze/minimal_surfaces_new/docbuild/.lake/build Batteries.Data.List https://github.com/leanprover-community/batteries/blob/6f7d05f4955eb5af9799d828b697251bb2c9c0b8/Batteries/Data/List.lean",
   "level": "trace"}],
 "inputs":
 [["<collection>",
   [["/Users/lixinze/minimal_surfaces_new/docbuild/.lake/build/doc/Batteries/Data/List/ArrayMap.html",
     "813668595415403857"],
    ["/Users/lixinze/minimal_surfaces_new/docbuild/.lake/build/doc/Batteries/Data/List/Basic.html",
     "1170647750827497596"],
    ["/Users/lixinze/minimal_surfaces_new/docbuild/.lake/build/doc/Batteries/Data/List/Count.html",
     "18030869216261702820"],
    ["/Users/lixinze/minimal_surfaces_new/docbuild/.lake/build/doc/Batteries/Data/List/Init/Lemmas.html",
     "15336546144487366137"],
    ["/Users/lixinze/minimal_surfaces_new/docbuild/.lake/build/doc/Batteries/Data/List/Lemmas.html",
     "15588821714672286914"],
    ["/Users/lixinze/minimal_surfaces_new/docbuild/.lake/build/doc/Batteries/Data/List/Matcher.html",
     "9448575743449407179"],
    ["/Users/lixinze/minimal_surfaces_new/docbuild/.lake/build/doc/Batteries/Data/List/Monadic.html",
     "8108377141746533392"],
    ["/Users/lixinze/minimal_surfaces_new/docbuild/.lake/build/doc/Batteries/Data/List/OfFn.html",
     "1230747874680250572"],
    ["/Users/lixinze/minimal_surfaces_new/docbuild/.lake/build/doc/Batteries/Data/List/Pairwise.html",
     "15185746448863428357"],
    ["/Users/lixinze/minimal_surfaces_new/docbuild/.lake/build/doc/Batteries/Data/List/Perm.html",
     "10839674763937319120"]]],
  ["/Users/lixinze/minimal_surfaces_new/docbuild/.lake/build/doc-data/references.json",
   "11893762902049086281"],
  ["/Users/lixinze/minimal_surfaces_new/.lake/packages/doc-gen4/.lake/build/bin/doc-gen4",
   "7305278769530580005"],
  ["Batteries.Data.List:leanArts", "11898324210460717229"]],
 "depHash": "3406225634490492096"}