{"synthetic": false,
 "outputs": null,
 "log":
 [{"message":
   ".> ELAN=elan ELAN_HOME=/Users/lixinze/.elan ELAN_TOOLCHAIN=leanprover/lean4:v4.24.0-rc1 LAKE=/Users/lixinze/.elan/toolchains/leanprover--lean4---v4.24.0-rc1/bin/lake LAKE_HOME=/Users/lixinze/.elan/toolchains/leanprover--lean4---v4.24.0-rc1 LAKE_PKG_URL_MAP={} LAKE_NO_CACHE=false LAKE_ARTIFACT_CACHE=false LAKE_CACHE_DIR=/Users/lixinze/.elan/toolchains/leanprover--lean4---v4.24.0-rc1/lake/cache LEAN=/Users/lixinze/.elan/toolchains/leanprover--lean4---v4.24.0-rc1/bin/lean LEAN_SYSROOT=/Users/lixinze/.elan/toolchains/leanprover--lean4---v4.24.0-rc1 LEAN_AR=/Users/lixinze/.elan/toolchains/leanprover--lean4---v4.24.0-rc1/bin/llvm-ar LEAN_CC= LEAN_PATH=/Users/lixinze/minimal_surfaces_new/.lake/packages/batteries/.lake/build/lib/lean:/Users/lixinze/minimal_surfaces_new/.lake/packages/Qq/.lake/build/lib/lean:/Users/lixinze/minimal_surfaces_new/.lake/packages/aesop/.lake/build/lib/lean:/Users/lixinze/minimal_surfaces_new/.lake/packages/proofwidgets/.lake/build/lib/lean:/Users/lixinze/minimal_surfaces_new/.lake/packages/importGraph/.lake/build/lib/lean:/Users/lixinze/minimal_surfaces_new/.lake/packages/LeanSearchClient/.lake/build/lib/lean:/Users/lixinze/minimal_surfaces_new/.lake/packages/plausible/.lake/build/lib/lean:/Users/lixinze/minimal_surfaces_new/.lake/packages/mathlib/.lake/build/lib/lean:/Users/lixinze/minimal_surfaces_new/.lake/packages/checkdecls/.lake/build/lib/lean:/Users/lixinze/minimal_surfaces_new/.lake/packages/MD4Lean/.lake/build/lib/lean:/Users/lixinze/minimal_surfaces_new/.lake/packages/BibtexQuery/.lake/build/lib/lean:/Users/lixinze/minimal_surfaces_new/.lake/packages/UnicodeBasic/.lake/build/lib/lean:/Users/lixinze/minimal_surfaces_new/.lake/packages/Cli/.lake/build/lib/lean:/Users/lixinze/minimal_surfaces_new/.lake/build/lib/lean:/Users/lixinze/minimal_surfaces_new/.lake/packages/doc-gen4/.lake/build/lib/lean:/Users/lixinze/minimal_surfaces_new/docbuild/.lake/build/lib/lean:/Users/lixinze/.elan/toolchains/leanprover--lean4---v4.24.0-rc1/lib/lean LEAN_SRC_PATH=/Users/lixinze/minimal_surfaces_new/.lake/packages/batteries:/Users/lixinze/minimal_surfaces_new/.lake/packages/batteries:/Users/lixinze/minimal_surfaces_new/.lake/packages/Qq:/Users/lixinze/minimal_surfaces_new/.lake/packages/aesop:/Users/lixinze/minimal_surfaces_new/.lake/packages/aesop:/Users/lixinze/minimal_surfaces_new/.lake/packages/proofwidgets:/Users/lixinze/minimal_surfaces_new/.lake/packages/proofwidgets:/Users/lixinze/minimal_surfaces_new/.lake/packages/importGraph:/Users/lixinze/minimal_surfaces_new/.lake/packages/importGraph:/Users/lixinze/minimal_surfaces_new/.lake/packages/LeanSearchClient:/Users/lixinze/minimal_surfaces_new/.lake/packages/LeanSearchClient:/Users/lixinze/minimal_surfaces_new/.lake/packages/plausible:/Users/lixinze/minimal_surfaces_new/.lake/packages/plausible:/Users/lixinze/minimal_surfaces_new/.lake/packages/mathlib:/Users/lixinze/minimal_surfaces_new/.lake/packages/mathlib:/Users/lixinze/minimal_surfaces_new/.lake/packages/mathlib:/Users/lixinze/minimal_surfaces_new/.lake/packages/mathlib:/Users/lixinze/minimal_surfaces_new/.lake/packages/mathlib:/Users/lixinze/minimal_surfaces_new/.lake/packages/mathlib:/Users/lixinze/minimal_surfaces_new/.lake/packages/mathlib:/Users/lixinze/minimal_surfaces_new/.lake/packages/MD4Lean:/Users/lixinze/minimal_surfaces_new/.lake/packages/MD4Lean:/Users/lixinze/minimal_surfaces_new/.lake/packages/BibtexQuery:/Users/lixinze/minimal_surfaces_new/.lake/packages/UnicodeBasic:/Users/lixinze/minimal_surfaces_new/.lake/packages/UnicodeBasic:/Users/lixinze/minimal_surfaces_new/.lake/packages/Cli:/Users/lixinze/minimal_surfaces_new/.lake/packages/Cli:/Users/lixinze/minimal_surfaces_new:/Users/lixinze/minimal_surfaces_new/.lake/packages/doc-gen4:/Users/lixinze/.elan/toolchains/leanprover--lean4---v4.24.0-rc1/src/lean/lake LEAN_GITHASH=919e297292280cdb27598edd4e03437be5850221 PATH DYLD_LIBRARY_PATH=/Users/lixinze/.elan/toolchains/leanprover--lean4---v4.24.0-rc1/lib/lean:/Users/lixinze/.elan/toolchains/leanprover--lean4---v4.24.0-rc1/lib:/Users/lixinze/minimal_surfaces_new/docbuild/.lake/build/lib:/Users/lixinze/minimal_surfaces_new/.lake/packages/doc-gen4/.lake/build/lib:/Users/lixinze/minimal_surfaces_new/.lake/build/lib:/Users/lixinze/minimal_surfaces_new/.lake/packages/Cli/.lake/build/lib:/Users/lixinze/minimal_surfaces_new/.lake/packages/UnicodeBasic/.lake/build/lib:/Users/lixinze/minimal_surfaces_new/.lake/packages/BibtexQuery/.lake/build/lib:/Users/lixinze/minimal_surfaces_new/.lake/packages/MD4Lean/.lake/build/lib:/Users/lixinze/minimal_surfaces_new/.lake/packages/checkdecls/.lake/build/lib:/Users/lixinze/minimal_surfaces_new/.lake/packages/mathlib/.lake/build/lib:/Users/lixinze/minimal_surfaces_new/.lake/packages/plausible/.lake/build/lib:/Users/lixinze/minimal_surfaces_new/.lake/packages/LeanSearchClient/.lake/build/lib:/Users/lixinze/minimal_surfaces_new/.lake/packages/importGraph/.lake/build/lib:/Users/lixinze/minimal_surfaces_new/.lake/packages/proofwidgets/.lake/build/lib:/Users/lixinze/minimal_surfaces_new/.lake/packages/aesop/.lake/build/lib:/Users/lixinze/minimal_surfaces_new/.lake/packages/Qq/.lake/build/lib:/Users/lixinze/minimal_surfaces_new/.lake/packages/batteries/.lake/build/lib /Users/lixinze/minimal_surfaces_new/.lake/packages/doc-gen4/.lake/build/bin/doc-gen4 single --build /Users/lixinze/minimal_surfaces_new/docbuild/.lake/build Mathlib.Order.CompactlyGenerated.Basic https://github.com/leanprover-community/mathlib4/blob/d3298500e6d853c0856bebdb79d46f430b6a5e5e/Mathlib/Order/CompactlyGenerated/Basic.lean",
   "level": "trace"}],
 "inputs":
 [["<collection>",
   [["/Users/lixinze/minimal_surfaces_new/docbuild/.lake/build/doc/Mathlib/Order/Atoms.html",
     "10074718768926204692"],
    ["/Users/lixinze/minimal_surfaces_new/docbuild/.lake/build/doc/Mathlib/Order/OrderIsoNat.html",
     "13644570107872004436"],
    ["/Users/lixinze/minimal_surfaces_new/docbuild/.lake/build/doc/Mathlib/Order/RelIso/Set.html",
     "2079158625600923892"],
    ["/Users/lixinze/minimal_surfaces_new/docbuild/.lake/build/doc/Mathlib/Order/SupClosed.html",
     "17269980156185768951"],
    ["/Users/lixinze/minimal_surfaces_new/docbuild/.lake/build/doc/Mathlib/Order/SupIndep.html",
     "592884828575875306"],
    ["/Users/lixinze/minimal_surfaces_new/docbuild/.lake/build/doc/Mathlib/Order/Zorn.html",
     "5777918057945593630"],
    ["/Users/lixinze/minimal_surfaces_new/docbuild/.lake/build/doc/Mathlib/Data/Finset/Order.html",
     "3525951469474265426"],
    ["/Users/lixinze/minimal_surfaces_new/docbuild/.lake/build/doc/Mathlib/Order/Interval/Set/OrderIso.html",
     "5298763034540850829"],
    ["/Users/lixinze/minimal_surfaces_new/docbuild/.lake/build/doc/Mathlib/Data/Finite/Set.html",
     "625693162561781692"],
    ["/Users/lixinze/minimal_surfaces_new/docbuild/.lake/build/doc/Mathlib/Tactic/TFAE.html",
     "2110504912184698566"]]],
  ["/Users/lixinze/minimal_surfaces_new/docbuild/.lake/build/doc-data/references.json",
   "11893762902049086281"],
  ["/Users/lixinze/minimal_surfaces_new/.lake/packages/doc-gen4/.lake/build/bin/doc-gen4",
   "1643603471421576380"],
  ["Mathlib.Order.CompactlyGenerated.Basic:leanArts", "12653545764854008371"]],
 "depHash": "4000077253557456750"}