{"synthetic": false,
 "outputs": null,
 "log":
 [{"message": "Documentation indexing", "level": "info"},
  {"message":
   ".> /Users/lixinze/minimal_surfaces_new/.lake/packages/doc-gen4/.lake/build/bin/doc-gen4 index --build /Users/lixinze/minimal_surfaces_new/docbuild/.lake/build",
   "level": "trace"}],
 "inputs":
 [["/Users/lixinze/minimal_surfaces_new/.lake/packages/doc-gen4/.lake/build/bin/doc-gen4",
   "7305278769530580005"],
  ["<nil>", "6748611221465965550"],
  ["<collection>",
   [["/Users/lixinze/minimal_surfaces_new/docbuild/.lake/build/doc/MinimalSurfaces/Basic.html",
     "7448984713607778203"],
    ["/Users/lixinze/minimal_surfaces_new/docbuild/.lake/build/doc/MinimalSurfaces/Isotopy.html",
     "12998437776212379848"],
    ["/Users/lixinze/minimal_surfaces_new/docbuild/.lake/build/doc/MinimalSurfaces/Varifolds/Basic.html",
     "8711037686088999778"],
    ["/Users/lixinze/minimal_surfaces_new/docbuild/.lake/build/doc/MinimalSurfaces/MinMax/Basic.html",
     "17019347358035443503"],
    ["/Users/lixinze/minimal_surfaces_new/docbuild/.lake/build/doc/MinimalSurfaces/MainTheorem.html",
     "5147952772238954015"],
    ["/Users/lixinze/minimal_surfaces_new/docbuild/.lake/build/doc/MinimalSurfaces/Area.html",
     "12078793609648707355"],
    ["/Users/lixinze/minimal_surfaces_new/docbuild/.lake/build/doc/MinimalSurfaces/Convergence/Basic.html",
     "10521811773617941184"],
    ["/Users/lixinze/minimal_surfaces_new/docbuild/.lake/build/doc/MinimalSurfaces.html",
     "13517197688167834830"]]]],
 "depHash": "2538661173677733277"}