{"synthetic": false,
 "outputs": null,
 "log":
 [{"message":
   ".> ELAN=elan ELAN_HOME=/Users/lixinze/.elan ELAN_TOOLCHAIN=leanprover/lean4:v4.24.0-rc1 LAKE=/Users/lixinze/.elan/toolchains/leanprover--lean4---v4.24.0-rc1/bin/lake LAKE_HOME=/Users/lixinze/.elan/toolchains/leanprover--lean4---v4.24.0-rc1 LAKE_PKG_URL_MAP={} LAKE_NO_CACHE=false LAKE_ARTIFACT_CACHE=false LAKE_CACHE_DIR=/Users/lixinze/.elan/toolchains/leanprover--lean4---v4.24.0-rc1/lake/cache LEAN=/Users/lixinze/.elan/toolchains/leanprover--lean4---v4.24.0-rc1/bin/lean LEAN_SYSROOT=/Users/lixinze/.elan/toolchains/leanprover--lean4---v4.24.0-rc1 LEAN_AR=/Users/lixinze/.elan/toolchains/leanprover--lean4---v4.24.0-rc1/bin/llvm-ar LEAN_CC= LEAN_PATH=/Users/lixinze/minimal_surfaces_new/.lake/packages/batteries/.lake/build/lib/lean:/Users/lixinze/minimal_surfaces_new/.lake/packages/Qq/.lake/build/lib/lean:/Users/lixinze/minimal_surfaces_new/.lake/packages/aesop/.lake/build/lib/lean:/Users/lixinze/minimal_surfaces_new/.lake/packages/proofwidgets/.lake/build/lib/lean:/Users/lixinze/minimal_surfaces_new/.lake/packages/importGraph/.lake/build/lib/lean:/Users/lixinze/minimal_surfaces_new/.lake/packages/LeanSearchClient/.lake/build/lib/lean:/Users/lixinze/minimal_surfaces_new/.lake/packages/plausible/.lake/build/lib/lean:/Users/lixinze/minimal_surfaces_new/.lake/packages/mathlib/.lake/build/lib/lean:/Users/lixinze/minimal_surfaces_new/.lake/packages/checkdecls/.lake/build/lib/lean:/Users/lixinze/minimal_surfaces_new/.lake/packages/MD4Lean/.lake/build/lib/lean:/Users/lixinze/minimal_surfaces_new/.lake/packages/BibtexQuery/.lake/build/lib/lean:/Users/lixinze/minimal_surfaces_new/.lake/packages/UnicodeBasic/.lake/build/lib/lean:/Users/lixinze/minimal_surfaces_new/.lake/packages/Cli/.lake/build/lib/lean:/Users/lixinze/minimal_surfaces_new/.lake/build/lib/lean:/Users/lixinze/minimal_surfaces_new/.lake/packages/doc-gen4/.lake/build/lib/lean:/Users/lixinze/minimal_surfaces_new/docbuild/.lake/build/lib/lean:/Users/lixinze/.elan/toolchains/leanprover--lean4---v4.24.0-rc1/lib/lean LEAN_SRC_PATH=/Users/lixinze/minimal_surfaces_new/.lake/packages/batteries:/Users/lixinze/minimal_surfaces_new/.lake/packages/batteries:/Users/lixinze/minimal_surfaces_new/.lake/packages/Qq:/Users/lixinze/minimal_surfaces_new/.lake/packages/aesop:/Users/lixinze/minimal_surfaces_new/.lake/packages/aesop:/Users/lixinze/minimal_surfaces_new/.lake/packages/proofwidgets:/Users/lixinze/minimal_surfaces_new/.lake/packages/proofwidgets:/Users/lixinze/minimal_surfaces_new/.lake/packages/importGraph:/Users/lixinze/minimal_surfaces_new/.lake/packages/importGraph:/Users/lixinze/minimal_surfaces_new/.lake/packages/LeanSearchClient:/Users/lixinze/minimal_surfaces_new/.lake/packages/LeanSearchClient:/Users/lixinze/minimal_surfaces_new/.lake/packages/plausible:/Users/lixinze/minimal_surfaces_new/.lake/packages/plausible:/Users/lixinze/minimal_surfaces_new/.lake/packages/mathlib:/Users/lixinze/minimal_surfaces_new/.lake/packages/mathlib:/Users/lixinze/minimal_surfaces_new/.lake/packages/mathlib:/Users/lixinze/minimal_surfaces_new/.lake/packages/mathlib:/Users/lixinze/minimal_surfaces_new/.lake/packages/mathlib:/Users/lixinze/minimal_surfaces_new/.lake/packages/mathlib:/Users/lixinze/minimal_surfaces_new/.lake/packages/mathlib:/Users/lixinze/minimal_surfaces_new/.lake/packages/MD4Lean:/Users/lixinze/minimal_surfaces_new/.lake/packages/MD4Lean:/Users/lixinze/minimal_surfaces_new/.lake/packages/BibtexQuery:/Users/lixinze/minimal_surfaces_new/.lake/packages/UnicodeBasic:/Users/lixinze/minimal_surfaces_new/.lake/packages/UnicodeBasic:/Users/lixinze/minimal_surfaces_new/.lake/packages/Cli:/Users/lixinze/minimal_surfaces_new/.lake/packages/Cli:/Users/lixinze/minimal_surfaces_new:/Users/lixinze/minimal_surfaces_new/.lake/packages/doc-gen4:/Users/lixinze/.elan/toolchains/leanprover--lean4---v4.24.0-rc1/src/lean/lake LEAN_GITHASH=919e297292280cdb27598edd4e03437be5850221 PATH DYLD_LIBRARY_PATH=/Users/lixinze/.elan/toolchains/leanprover--lean4---v4.24.0-rc1/lib/lean:/Users/lixinze/.elan/toolchains/leanprover--lean4---v4.24.0-rc1/lib:/Users/lixinze/minimal_surfaces_new/docbuild/.lake/build/lib:/Users/lixinze/minimal_surfaces_new/.lake/packages/doc-gen4/.lake/build/lib:/Users/lixinze/minimal_surfaces_new/.lake/build/lib:/Users/lixinze/minimal_surfaces_new/.lake/packages/Cli/.lake/build/lib:/Users/lixinze/minimal_surfaces_new/.lake/packages/UnicodeBasic/.lake/build/lib:/Users/lixinze/minimal_surfaces_new/.lake/packages/BibtexQuery/.lake/build/lib:/Users/lixinze/minimal_surfaces_new/.lake/packages/MD4Lean/.lake/build/lib:/Users/lixinze/minimal_surfaces_new/.lake/packages/checkdecls/.lake/build/lib:/Users/lixinze/minimal_surfaces_new/.lake/packages/mathlib/.lake/build/lib:/Users/lixinze/minimal_surfaces_new/.lake/packages/plausible/.lake/build/lib:/Users/lixinze/minimal_surfaces_new/.lake/packages/LeanSearchClient/.lake/build/lib:/Users/lixinze/minimal_surfaces_new/.lake/packages/importGraph/.lake/build/lib:/Users/lixinze/minimal_surfaces_new/.lake/packages/proofwidgets/.lake/build/lib:/Users/lixinze/minimal_surfaces_new/.lake/packages/aesop/.lake/build/lib:/Users/lixinze/minimal_surfaces_new/.lake/packages/Qq/.lake/build/lib:/Users/lixinze/minimal_surfaces_new/.lake/packages/batteries/.lake/build/lib /Users/lixinze/minimal_surfaces_new/.lake/packages/doc-gen4/.lake/build/bin/doc-gen4 single --build /Users/lixinze/minimal_surfaces_new/docbuild/.lake/build Mathlib.Data.List.Permutation https://github.com/leanprover-community/mathlib4/blob/d3298500e6d853c0856bebdb79d46f430b6a5e5e/Mathlib/Data/List/Permutation.lean",
   "level": "trace"}],
 "inputs":
 [["<collection>",
   [["/Users/lixinze/minimal_surfaces_new/docbuild/.lake/build/doc/Mathlib/Data/List/Lemmas.html",
     "11289187651106287636"],
    ["/Users/lixinze/minimal_surfaces_new/docbuild/.lake/build/doc/Mathlib/Data/Nat/Factorial/Basic.html",
     "2584553278317278094"],
    ["/Users/lixinze/minimal_surfaces_new/docbuild/.lake/build/doc/Mathlib/Data/List/Count.html",
     "7684289509034150911"],
    ["/Users/lixinze/minimal_surfaces_new/docbuild/.lake/build/doc/Mathlib/Data/List/Duplicate.html",
     "6947621547610397971"],
    ["/Users/lixinze/minimal_surfaces_new/docbuild/.lake/build/doc/Mathlib/Data/List/InsertIdx.html",
     "9437189590498105979"],
    ["/Users/lixinze/minimal_surfaces_new/docbuild/.lake/build/doc/Mathlib/Data/List/Induction.html",
     "11052532113147109686"],
    ["/Users/lixinze/minimal_surfaces_new/docbuild/.lake/build/doc/Batteries/Data/List/Perm.html",
     "6037918198913400066"],
    ["/Users/lixinze/minimal_surfaces_new/docbuild/.lake/build/doc/Mathlib/Data/List/Perm/Basic.html",
     "6619333946835065389"]]],
  ["/Users/lixinze/minimal_surfaces_new/docbuild/.lake/build/doc-data/references.json",
   "11893762902049086281"],
  ["/Users/lixinze/minimal_surfaces_new/.lake/packages/doc-gen4/.lake/build/bin/doc-gen4",
   "1643603471421576380"],
  ["Mathlib.Data.List.Permutation:leanArts", "6838791080830298518"]],
 "depHash": "15250845999516343336"}