{"synthetic": false,
 "outputs": null,
 "log":
 [{"message":
   ".> ELAN=elan ELAN_HOME=/Users/lixinze/.elan ELAN_TOOLCHAIN=leanprover/lean4:v4.24.0-rc1 LAKE=/Users/lixinze/.elan/toolchains/leanprover--lean4---v4.24.0-rc1/bin/lake LAKE_HOME=/Users/lixinze/.elan/toolchains/leanprover--lean4---v4.24.0-rc1 LAKE_PKG_URL_MAP={} LAKE_NO_CACHE=false LAKE_ARTIFACT_CACHE=false LAKE_CACHE_DIR=/Users/lixinze/.elan/toolchains/leanprover--lean4---v4.24.0-rc1/lake/cache LEAN=/Users/lixinze/.elan/toolchains/leanprover--lean4---v4.24.0-rc1/bin/lean LEAN_SYSROOT=/Users/lixinze/.elan/toolchains/leanprover--lean4---v4.24.0-rc1 LEAN_AR=/Users/lixinze/.elan/toolchains/leanprover--lean4---v4.24.0-rc1/bin/llvm-ar LEAN_CC= LEAN_PATH=/Users/lixinze/minimal_surfaces_new/.lake/packages/batteries/.lake/build/lib/lean:/Users/lixinze/minimal_surfaces_new/.lake/packages/Qq/.lake/build/lib/lean:/Users/lixinze/minimal_surfaces_new/.lake/packages/aesop/.lake/build/lib/lean:/Users/lixinze/minimal_surfaces_new/.lake/packages/proofwidgets/.lake/build/lib/lean:/Users/lixinze/minimal_surfaces_new/.lake/packages/importGraph/.lake/build/lib/lean:/Users/lixinze/minimal_surfaces_new/.lake/packages/LeanSearchClient/.lake/build/lib/lean:/Users/lixinze/minimal_surfaces_new/.lake/packages/plausible/.lake/build/lib/lean:/Users/lixinze/minimal_surfaces_new/.lake/packages/mathlib/.lake/build/lib/lean:/Users/lixinze/minimal_surfaces_new/.lake/packages/checkdecls/.lake/build/lib/lean:/Users/lixinze/minimal_surfaces_new/.lake/packages/MD4Lean/.lake/build/lib/lean:/Users/lixinze/minimal_surfaces_new/.lake/packages/BibtexQuery/.lake/build/lib/lean:/Users/lixinze/minimal_surfaces_new/.lake/packages/UnicodeBasic/.lake/build/lib/lean:/Users/lixinze/minimal_surfaces_new/.lake/packages/Cli/.lake/build/lib/lean:/Users/lixinze/minimal_surfaces_new/.lake/build/lib/lean:/Users/lixinze/minimal_surfaces_new/.lake/packages/doc-gen4/.lake/build/lib/lean:/Users/lixinze/minimal_surfaces_new/docbuild/.lake/build/lib/lean:/Users/lixinze/.elan/toolchains/leanprover--lean4---v4.24.0-rc1/lib/lean LEAN_SRC_PATH=/Users/lixinze/minimal_surfaces_new/.lake/packages/batteries:/Users/lixinze/minimal_surfaces_new/.lake/packages/batteries:/Users/lixinze/minimal_surfaces_new/.lake/packages/Qq:/Users/lixinze/minimal_surfaces_new/.lake/packages/aesop:/Users/lixinze/minimal_surfaces_new/.lake/packages/aesop:/Users/lixinze/minimal_surfaces_new/.lake/packages/proofwidgets:/Users/lixinze/minimal_surfaces_new/.lake/packages/proofwidgets:/Users/lixinze/minimal_surfaces_new/.lake/packages/importGraph:/Users/lixinze/minimal_surfaces_new/.lake/packages/importGraph:/Users/lixinze/minimal_surfaces_new/.lake/packages/LeanSearchClient:/Users/lixinze/minimal_surfaces_new/.lake/packages/LeanSearchClient:/Users/lixinze/minimal_surfaces_new/.lake/packages/plausible:/Users/lixinze/minimal_surfaces_new/.lake/packages/plausible:/Users/lixinze/minimal_surfaces_new/.lake/packages/mathlib:/Users/lixinze/minimal_surfaces_new/.lake/packages/mathlib:/Users/lixinze/minimal_surfaces_new/.lake/packages/mathlib:/Users/lixinze/minimal_surfaces_new/.lake/packages/mathlib:/Users/lixinze/minimal_surfaces_new/.lake/packages/mathlib:/Users/lixinze/minimal_surfaces_new/.lake/packages/mathlib:/Users/lixinze/minimal_surfaces_new/.lake/packages/mathlib:/Users/lixinze/minimal_surfaces_new/.lake/packages/MD4Lean:/Users/lixinze/minimal_surfaces_new/.lake/packages/MD4Lean:/Users/lixinze/minimal_surfaces_new/.lake/packages/BibtexQuery:/Users/lixinze/minimal_surfaces_new/.lake/packages/UnicodeBasic:/Users/lixinze/minimal_surfaces_new/.lake/packages/UnicodeBasic:/Users/lixinze/minimal_surfaces_new/.lake/packages/Cli:/Users/lixinze/minimal_surfaces_new/.lake/packages/Cli:/Users/lixinze/minimal_surfaces_new:/Users/lixinze/minimal_surfaces_new/.lake/packages/doc-gen4:/Users/lixinze/.elan/toolchains/leanprover--lean4---v4.24.0-rc1/src/lean/lake LEAN_GITHASH=919e297292280cdb27598edd4e03437be5850221 PATH DYLD_LIBRARY_PATH=/Users/lixinze/.elan/toolchains/leanprover--lean4---v4.24.0-rc1/lib/lean:/Users/lixinze/.elan/toolchains/leanprover--lean4---v4.24.0-rc1/lib:/Users/lixinze/minimal_surfaces_new/docbuild/.lake/build/lib:/Users/lixinze/minimal_surfaces_new/.lake/packages/doc-gen4/.lake/build/lib:/Users/lixinze/minimal_surfaces_new/.lake/build/lib:/Users/lixinze/minimal_surfaces_new/.lake/packages/Cli/.lake/build/lib:/Users/lixinze/minimal_surfaces_new/.lake/packages/UnicodeBasic/.lake/build/lib:/Users/lixinze/minimal_surfaces_new/.lake/packages/BibtexQuery/.lake/build/lib:/Users/lixinze/minimal_surfaces_new/.lake/packages/MD4Lean/.lake/build/lib:/Users/lixinze/minimal_surfaces_new/.lake/packages/checkdecls/.lake/build/lib:/Users/lixinze/minimal_surfaces_new/.lake/packages/mathlib/.lake/build/lib:/Users/lixinze/minimal_surfaces_new/.lake/packages/plausible/.lake/build/lib:/Users/lixinze/minimal_surfaces_new/.lake/packages/LeanSearchClient/.lake/build/lib:/Users/lixinze/minimal_surfaces_new/.lake/packages/importGraph/.lake/build/lib:/Users/lixinze/minimal_surfaces_new/.lake/packages/proofwidgets/.lake/build/lib:/Users/lixinze/minimal_surfaces_new/.lake/packages/aesop/.lake/build/lib:/Users/lixinze/minimal_surfaces_new/.lake/packages/Qq/.lake/build/lib:/Users/lixinze/minimal_surfaces_new/.lake/packages/batteries/.lake/build/lib /Users/lixinze/minimal_surfaces_new/.lake/packages/doc-gen4/.lake/build/bin/doc-gen4 single --build /Users/lixinze/minimal_surfaces_new/docbuild/.lake/build Mathlib.Algebra.Algebra.Basic https://github.com/leanprover-community/mathlib4/blob/a43dd5b1315afdbfd01ad27674f1c37e7ce763e6/Mathlib/Algebra/Algebra/Basic.lean",
   "level": "trace"}],
 "inputs":
 [["<collection>",
   [["/Users/lixinze/minimal_surfaces_new/docbuild/.lake/build/doc/Mathlib/Algebra/Algebra/Defs.html",
     "15033327230317080355"],
    ["/Users/lixinze/minimal_surfaces_new/docbuild/.lake/build/doc/Mathlib/Algebra/Module/Equiv/Basic.html",
     "2007502023232954278"],
    ["/Users/lixinze/minimal_surfaces_new/docbuild/.lake/build/doc/Mathlib/Algebra/Module/Submodule/Ker.html",
     "11272950132117517887"],
    ["/Users/lixinze/minimal_surfaces_new/docbuild/.lake/build/doc/Mathlib/Algebra/Module/Submodule/RestrictScalars.html",
     "222927305738577924"],
    ["/Users/lixinze/minimal_surfaces_new/docbuild/.lake/build/doc/Mathlib/Algebra/Module/ULift.html",
     "9497913580244304962"],
    ["/Users/lixinze/minimal_surfaces_new/docbuild/.lake/build/doc/Mathlib/Algebra/Ring/CharZero.html",
     "12693265623354849032"],
    ["/Users/lixinze/minimal_surfaces_new/docbuild/.lake/build/doc/Mathlib/Algebra/Ring/Subring/Basic.html",
     "5379300120367942835"],
    ["/Users/lixinze/minimal_surfaces_new/docbuild/.lake/build/doc/Mathlib/Data/Nat/Cast/Order/Basic.html",
     "1207412728978060056"],
    ["/Users/lixinze/minimal_surfaces_new/docbuild/.lake/build/doc/Mathlib/Data/Int/CharZero.html",
     "18265706054063423702"]]],
  ["/Users/lixinze/minimal_surfaces_new/docbuild/.lake/build/doc-data/references.json",
   "11893762902049086281"],
  ["/Users/lixinze/minimal_surfaces_new/.lake/packages/doc-gen4/.lake/build/bin/doc-gen4",
   "7305278769530580005"],
  ["Mathlib.Algebra.Algebra.Basic:leanArts", "5814151898203925728"]],
 "depHash": "5828326698908695747"}